[0.822s] Invoking command in '/root/mavlink_driver': PYTHONPATH=/root/mavlink_driver/install/mavlink_driver/lib/python3.10/site-packages:${PYTHONPATH} /usr/bin/python3 setup.py egg_info --egg-base build/mavlink_driver build --build-base /root/mavlink_driver/build/mavlink_driver/build install --prefix /root/mavlink_driver/install/mavlink_driver --record /root/mavlink_driver/build/mavlink_driver/install.log --single-version-externally-managed
[1.019s] running egg_info
[1.019s] writing build/mavlink_driver/mavlink_driver.egg-info/PKG-INFO
[1.019s] writing dependency_links to build/mavlink_driver/mavlink_driver.egg-info/dependency_links.txt
[1.020s] writing entry points to build/mavlink_driver/mavlink_driver.egg-info/entry_points.txt
[1.020s] writing requirements to build/mavlink_driver/mavlink_driver.egg-info/requires.txt
[1.020s] writing top-level names to build/mavlink_driver/mavlink_driver.egg-info/top_level.txt
[1.022s] reading manifest file 'build/mavlink_driver/mavlink_driver.egg-info/SOURCES.txt'
[1.023s] writing manifest file 'build/mavlink_driver/mavlink_driver.egg-info/SOURCES.txt'
[1.023s] running build
[1.023s] running build_py
[1.023s] copying mavlink_driver/all_vehicle_types.py -> /root/mavlink_driver/build/mavlink_driver/build/lib/mavlink_driver
[1.023s] running install
[1.023s] /usr/lib/python3/dist-packages/setuptools/command/install.py:34: SetuptoolsDeprecationWarning: setup.py install is deprecated. Use build and pip and other standards-based tools.
[1.023s]   warnings.warn(
[1.024s] running install_lib
[1.024s] copying /root/mavlink_driver/build/mavlink_driver/build/lib/mavlink_driver/all_vehicle_types.py -> /root/mavlink_driver/install/mavlink_driver/lib/python3.10/site-packages/mavlink_driver
[1.025s] byte-compiling /root/mavlink_driver/install/mavlink_driver/lib/python3.10/site-packages/mavlink_driver/all_vehicle_types.py to all_vehicle_types.cpython-310.pyc
[1.026s] running install_data
[1.026s] running install_egg_info
[1.027s] removing '/root/mavlink_driver/install/mavlink_driver/lib/python3.10/site-packages/mavlink_driver-0.0.0-py3.10.egg-info' (and everything under it)
[1.027s] Copying build/mavlink_driver/mavlink_driver.egg-info to /root/mavlink_driver/install/mavlink_driver/lib/python3.10/site-packages/mavlink_driver-0.0.0-py3.10.egg-info
[1.028s] running install_scripts
[1.043s] Installing all_vehicle_types script to /root/mavlink_driver/install/mavlink_driver/lib/mavlink_driver
[1.044s] writing list of installed files to '/root/mavlink_driver/build/mavlink_driver/install.log'
[1.062s] Invoked command in '/root/mavlink_driver' returned '0': PYTHONPATH=/root/mavlink_driver/install/mavlink_driver/lib/python3.10/site-packages:${PYTHONPATH} /usr/bin/python3 setup.py egg_info --egg-base build/mavlink_driver build --build-base /root/mavlink_driver/build/mavlink_driver/build install --prefix /root/mavlink_driver/install/mavlink_driver --record /root/mavlink_driver/build/mavlink_driver/install.log --single-version-externally-managed
