[0.587s] Invoking command in '/root/mavlink_driver': PYTHONPATH=/root/mavlink_driver/install/mavlink_driver/lib/python3.10/site-packages:${PYTHONPATH} /usr/bin/python3 setup.py egg_info --egg-base build/mavlink_driver build --build-base /root/mavlink_driver/build/mavlink_driver/build install --prefix /root/mavlink_driver/install/mavlink_driver --record /root/mavlink_driver/build/mavlink_driver/install.log --single-version-externally-managed
[0.791s] running egg_info
[0.792s] writing build/mavlink_driver/mavlink_driver.egg-info/PKG-INFO
[0.792s] writing dependency_links to build/mavlink_driver/mavlink_driver.egg-info/dependency_links.txt
[0.792s] writing entry points to build/mavlink_driver/mavlink_driver.egg-info/entry_points.txt
[0.792s] writing requirements to build/mavlink_driver/mavlink_driver.egg-info/requires.txt
[0.792s] writing top-level names to build/mavlink_driver/mavlink_driver.egg-info/top_level.txt
[0.793s] reading manifest file 'build/mavlink_driver/mavlink_driver.egg-info/SOURCES.txt'
[0.794s] writing manifest file 'build/mavlink_driver/mavlink_driver.egg-info/SOURCES.txt'
[0.794s] running build
[0.795s] running build_py
[0.795s] copying mavlink_driver/all_vehicle_types.py -> /root/mavlink_driver/build/mavlink_driver/build/lib/mavlink_driver
[0.795s] running install
[0.795s] /usr/lib/python3/dist-packages/setuptools/command/install.py:34: SetuptoolsDeprecationWarning: setup.py install is deprecated. Use build and pip and other standards-based tools.
[0.795s]   warnings.warn(
[0.795s] running install_lib
[0.795s] copying /root/mavlink_driver/build/mavlink_driver/build/lib/mavlink_driver/all_vehicle_types.py -> /root/mavlink_driver/install/mavlink_driver/lib/python3.10/site-packages/mavlink_driver
[0.796s] byte-compiling /root/mavlink_driver/install/mavlink_driver/lib/python3.10/site-packages/mavlink_driver/all_vehicle_types.py to all_vehicle_types.cpython-310.pyc
[0.797s]   File "/root/mavlink_driver/install/mavlink_driver/lib/python3.10/site-packages/mavlink_driver/all_vehicle_types.py", line 110
[0.797s]     while minimal_client.rel_alt <= alt-(0.1*alt) && rclpy.ok():
[0.797s]                                                    ^
[0.797s] SyntaxError: invalid syntax
[0.797s] 
[0.797s] running install_data
[0.797s] running install_egg_info
[0.798s] removing '/root/mavlink_driver/install/mavlink_driver/lib/python3.10/site-packages/mavlink_driver-0.0.0-py3.10.egg-info' (and everything under it)
[0.798s] Copying build/mavlink_driver/mavlink_driver.egg-info to /root/mavlink_driver/install/mavlink_driver/lib/python3.10/site-packages/mavlink_driver-0.0.0-py3.10.egg-info
[0.799s] running install_scripts
[0.816s] Installing all_vehicle_types script to /root/mavlink_driver/install/mavlink_driver/lib/mavlink_driver
[0.816s] writing list of installed files to '/root/mavlink_driver/build/mavlink_driver/install.log'
[0.846s] Invoked command in '/root/mavlink_driver' returned '0': PYTHONPATH=/root/mavlink_driver/install/mavlink_driver/lib/python3.10/site-packages:${PYTHONPATH} /usr/bin/python3 setup.py egg_info --egg-base build/mavlink_driver build --build-base /root/mavlink_driver/build/mavlink_driver/build install --prefix /root/mavlink_driver/install/mavlink_driver --record /root/mavlink_driver/build/mavlink_driver/install.log --single-version-externally-managed
