[0.498s] Invoking command in '/root/mavlink_driver': PYTHONPATH=/root/mavlink_driver/install/mavlink_driver/lib/python3.10/site-packages:${PYTHONPATH} /usr/bin/python3 setup.py egg_info --egg-base build/mavlink_driver build --build-base /root/mavlink_driver/build/mavlink_driver/build install --prefix /root/mavlink_driver/install/mavlink_driver --record /root/mavlink_driver/build/mavlink_driver/install.log --single-version-externally-managed
[0.695s] running egg_info
[0.695s] writing build/mavlink_driver/mavlink_driver.egg-info/PKG-INFO
[0.696s] writing dependency_links to build/mavlink_driver/mavlink_driver.egg-info/dependency_links.txt
[0.698s] /usr/lib/python3/dist-packages/setuptools/command/install.py:34: SetuptoolsDeprecationWarning: setup.py install is deprecated. Use build and pip and other standards-based tools.
[0.698s]   warnings.warn(
[0.699s] writing entry points to build/mavlink_driver/mavlink_driver.egg-info/entry_points.txt
[0.700s] writing requirements to build/mavlink_driver/mavlink_driver.egg-info/requires.txt
[0.700s] writing top-level names to build/mavlink_driver/mavlink_driver.egg-info/top_level.txt
[0.700s] reading manifest file 'build/mavlink_driver/mavlink_driver.egg-info/SOURCES.txt'
[0.700s] writing manifest file 'build/mavlink_driver/mavlink_driver.egg-info/SOURCES.txt'
[0.700s] running build
[0.700s] running build_py
[0.700s] running install
[0.700s] running install_lib
[0.700s] running install_data
[0.700s] running install_egg_info
[0.701s] removing '/root/mavlink_driver/install/mavlink_driver/lib/python3.10/site-packages/mavlink_driver-0.0.0-py3.10.egg-info' (and everything under it)
[0.701s] Copying build/mavlink_driver/mavlink_driver.egg-info to /root/mavlink_driver/install/mavlink_driver/lib/python3.10/site-packages/mavlink_driver-0.0.0-py3.10.egg-info
[0.702s] running install_scripts
[0.718s] Installing all_vehicle_types script to /root/mavlink_driver/install/mavlink_driver/lib/mavlink_driver
[0.718s] writing list of installed files to '/root/mavlink_driver/build/mavlink_driver/install.log'
[0.748s] Invoked command in '/root/mavlink_driver' returned '0': PYTHONPATH=/root/mavlink_driver/install/mavlink_driver/lib/python3.10/site-packages:${PYTHONPATH} /usr/bin/python3 setup.py egg_info --egg-base build/mavlink_driver build --build-base /root/mavlink_driver/build/mavlink_driver/build install --prefix /root/mavlink_driver/install/mavlink_driver --record /root/mavlink_driver/build/mavlink_driver/install.log --single-version-externally-managed
